Trade/app/build/outputs/logs/manifest-merger-debug-report.txt
-- Merging decision tree log ---
manifest
ADDED from src\main\AndroidManifest.xml:2:1-218:12
	package
		ADDED from src\main\AndroidManifest.xml:4:5-31
		INJECTED from src\main\AndroidManifest.xml
		INJECTED from src\main\AndroidManifest.xml
	android:versionName
		INJECTED from src\main\AndroidManifest.xml
		INJECTED from src\main\AndroidManifest.xml
	xmlns:tools
		ADDED from src\main\AndroidManifest.xml:3:5-51
	xmlns:android
		ADDED from src\main\AndroidManifest.xml:2:11-69
	android:versionCode
		INJECTED from src\main\AndroidManifest.xml
		INJECTED from src\main\AndroidManifest.xml
uses-permission#android.permission.READ_PHONE_STATE
ADDED from src\main\AndroidManifest.xml:7:5-75
	android:name
		ADDED from src\main\AndroidManifest.xml:7:22-72
uses-permission#android.permission.INTERNET
ADDED from src\main\AndroidManifest.xml:8:5-67
MERGED from [com.kymjs.rxvolley:rxvolley:1.1.4] AndroidManifest.xml:11:5-67
MERGED from [com.github.LuckSiege.PictureSelector:picture_library:v2.1.1] AndroidManifest.xml:15:5-67
	android:name
		ADDED from src\main\AndroidManifest.xml:8:22-64
uses-permission#android.permission.ACCESS_NETWORK_STATE
ADDED from src\main\AndroidManifest.xml:9:5-79
MERGED from [com.github.LuckSiege.PictureSelector:picture_library:v2.1.1] AndroidManifest.xml:19:5-79
	android:name
		ADDED from src\main\AndroidManifest.xml:9:22-76
uses-permission#android.permission.ACCESS_WIFI_STATE
ADDED from src\main\AndroidManifest.xml:10:5-76
MERGED from [com.github.LuckSiege.PictureSelector:picture_library:v2.1.1] AndroidManifest.xml:17:5-76
	android:name
		ADDED from src\main\AndroidManifest.xml:10:22-73
uses-permission#android.permission.READ_LOGS
ADDED from src\main\AndroidManifest.xml:11:5-68
	android:name
		ADDED from src\main\AndroidManifest.xml:11:22-65
uses-permission#android.permission.WAKE_LOCK
ADDED from src\main\AndroidManifest.xml:13:5-68
	android:name
		ADDED from src\main\AndroidManifest.xml:13:22-65
uses-permission#android.permission.WRITE_EXTERNAL_STORAGE
ADDED from src\main\AndroidManifest.xml:15:5-81
MERGED from [com.github.LuckSiege.PictureSelector:picture_library:v2.1.1] AndroidManifest.xml:12:5-81
	android:name
		ADDED from src\main\AndroidManifest.xml:15:22-78
uses-permission#android.permission.VIBRATE
ADDED from src\main\AndroidManifest.xml:18:5-65
	android:name
		ADDED from src\main\AndroidManifest.xml:18:22-63
uses-permission#android.permission.RECORD_AUDIO
ADDED from src\main\AndroidManifest.xml:19:5-70
MERGED from [com.github.LuckSiege.PictureSelector:picture_library:v2.1.1] AndroidManifest.xml:20:5-71
	android:name
		ADDED from src\main\AndroidManifest.xml:19:22-68
uses-permission#android.permission.CAMERA
ADDED from src\main\AndroidManifest.xml:20:5-64
MERGED from [com.github.LuckSiege.PictureSelector:picture_library:v2.1.1] AndroidManifest.xml:13:5-65
	android:name
		ADDED from src\main\AndroidManifest.xml:20:22-62
uses-permission#android.permission.MOUNT_UNMOUNT_FILESYSTEMS
ADDED from src\main\AndroidManifest.xml:22:5-83
MERGED from [com.github.LuckSiege.PictureSelector:picture_library:v2.1.1] AndroidManifest.xml:14:5-84
	android:name
		ADDED from src\main\AndroidManifest.xml:22:22-81
uses-permission#android.permission.ACCESS_FINE_LOCATION
ADDED from src\main\AndroidManifest.xml:23:5-78
	android:name
		ADDED from src\main\AndroidManifest.xml:23:22-76
uses-permission#android.permission.GET_TASKS
ADDED from src\main\AndroidManifest.xml:24:5-67
	android:name
		ADDED from src\main\AndroidManifest.xml:24:22-65
uses-permission#android.permission.CHANGE_WIFI_STATE
ADDED from src\main\AndroidManifest.xml:25:5-75
	android:name
		ADDED from src\main\AndroidManifest.xml:25:22-73
uses-permission#android.permission.MODIFY_AUDIO_SETTINGS
ADDED from src\main\AndroidManifest.xml:26:5-79
	android:name
		ADDED from src\main\AndroidManifest.xml:26:22-77
uses-permission#android.permission.RECEIVE_BOOT_COMPLETED
ADDED from src\main\AndroidManifest.xml:27:5-80
	android:name
		ADDED from src\main\AndroidManifest.xml:27:22-78
uses-permission#android.permission.READ_EXTERNAL_STORAGE
ADDED from src\main\AndroidManifest.xml:32:5-79
MERGED from [com.github.LuckSiege.PictureSelector:picture_library:v2.1.1] AndroidManifest.xml:11:5-80
	android:name
		ADDED from src\main\AndroidManifest.xml:32:22-77
uses-permission#android.permission.ACCESS_COARSE_LOCATION
ADDED from src\main\AndroidManifest.xml:37:5-97
	android:name
		ADDED from src\main\AndroidManifest.xml:37:22-78
application
ADDED from src\main\AndroidManifest.xml:48:5-216:19
MERGED from [com.android.support:design:26.0.0-alpha1] AndroidManifest.xml:29:5-20
MERGED from [com.android.support:transition:26.0.0-alpha1] AndroidManifest.xml:26:5-20
MERGED from [com.android.support.constraint:constraint-layout:1.0.2] AndroidManifest.xml:9:5-20
MERGED from [de.hdodenhof:circleimageview:2.1.0] AndroidManifest.xml:9:5-20
MERGED from [com.kymjs.rxvolley:rxvolley:1.1.4] AndroidManifest.xml:13:5-14:19
MERGED from [cn.bmob.android:bmob-sdk:3.5.5] AndroidManifest.xml:11:5-14:19
MERGED from [com.github.LuckSiege.PictureSelector:picture_library:v2.1.1] AndroidManifest.xml:22:5-55:19
MERGED from [com.android.support:appcompat-v7:26.0.0-alpha1] AndroidManifest.xml:29:5-20
MERGED from [com.android.support:support-v4:26.0.0-alpha1] AndroidManifest.xml:29:5-20
MERGED from [com.android.support:support-media-compat:26.0.0-alpha1] AndroidManifest.xml:29:5-20
MERGED from [com.android.support:support-fragment:26.0.0-alpha1] AndroidManifest.xml:29:5-20
MERGED from [com.android.support:support-core-ui:26.0.0-alpha1] AndroidManifest.xml:29:5-20
MERGED from [com.android.support:support-core-utils:26.0.0-alpha1] AndroidManifest.xml:29:5-20
MERGED from [com.android.support:animated-vector-drawable:26.0.0-alpha1] AndroidManifest.xml:26:5-20
MERGED from [com.android.support:support-vector-drawable:26.0.0-alpha1] AndroidManifest.xml:26:5-20
MERGED from [com.android.support:support-compat:26.0.0-alpha1] AndroidManifest.xml:29:5-20
	android:label
		ADDED from src\main\AndroidManifest.xml:52:9-41
	android:supportsRtl
		ADDED from src\main\AndroidManifest.xml:53:9-35
	android:allowBackup
		ADDED from src\main\AndroidManifest.xml:50:9-35
	android:icon
		ADDED from src\main\AndroidManifest.xml:51:9-42
	android:theme
		ADDED from src\main\AndroidManifest.xml:54:9-40
	tools:replace
		ADDED from src\main\AndroidManifest.xml:55:9-52
	android:name
		ADDED from src\main\AndroidManifest.xml:49:9-50
activity#com.wsg.xsytrade.ui.SplashActivity
ADDED from src\main\AndroidManifest.xml:56:9-61:20
	android:name
		ADDED from src\main\AndroidManifest.xml:56:19-52
intent-filter#android.intent.action.MAIN+android.intent.category.LAUNCHER
ADDED from src\main\AndroidManifest.xml:57:13-60:29
action#android.intent.action.MAIN
ADDED from src\main\AndroidManifest.xml:58:17-69
	android:name
		ADDED from src\main\AndroidManifest.xml:58:25-66
category#android.intent.category.LAUNCHER
ADDED from src\main\AndroidManifest.xml:59:17-77
	android:name
		ADDED from src\main\AndroidManifest.xml:59:27-74
activity#com.wsg.xsytrade.MainActivity
ADDED from src\main\AndroidManifest.xml:62:9-63:56
	android:launchMode
		ADDED from src\main\AndroidManifest.xml:63:13-44
	android:name
		ADDED from src\main\AndroidManifest.xml:62:19-47
activity#com.wsg.xsytrade.ui.LoginActivity
ADDED from src\main\AndroidManifest.xml:64:9-65:59
	android:label
		ADDED from src\main\AndroidManifest.xml:65:13-47
	android:name
		ADDED from src\main\AndroidManifest.xml:64:19-51
activity#com.wsg.xsytrade.ui.RegisteredActivity
ADDED from src\main\AndroidManifest.xml:66:9-67:64
	android:label
		ADDED from src\main\AndroidManifest.xml:67:13-52
	android:name
		ADDED from src\main\AndroidManifest.xml:66:19-56
activity#com.wsg.xsytrade.ui.ForgetPasswordActivity
ADDED from src\main\AndroidManifest.xml:68:9-69:69
	android:label
		ADDED from src\main\AndroidManifest.xml:69:13-57
	android:name
		ADDED from src\main\AndroidManifest.xml:68:19-60
activity#com.wsg.xsytrade.ui.AboutActivity
ADDED from src\main\AndroidManifest.xml:70:9-71:59
	android:label
		ADDED from src\main\AndroidManifest.xml:71:13-47
	android:name
		ADDED from src\main\AndroidManifest.xml:70:19-51
activity#com.wsg.xsytrade.ui.BackActivity
ADDED from src\main\AndroidManifest.xml:72:9-73:58
	android:label
		ADDED from src\main\AndroidManifest.xml:73:13-46
	android:name
		ADDED from src\main\AndroidManifest.xml:72:19-50
activity#com.wsg.xsytrade.ui.DonateActivity
ADDED from src\main\AndroidManifest.xml:74:9-75:60
	android:label
		ADDED from src\main\AndroidManifest.xml:75:13-48
	android:name
		ADDED from src\main\AndroidManifest.xml:74:19-52
activity#com.wsg.xsytrade.ui.UpdateActivity
ADDED from src\main\AndroidManifest.xml:76:9-77:60
	android:label
		ADDED from src\main\AndroidManifest.xml:77:13-48
	android:name
		ADDED from src\main\AndroidManifest.xml:76:19-52
activity#com.wsg.xsytrade.ui.NewSellActivity
ADDED from src\main\AndroidManifest.xml:79:9-80:62
	android:label
		ADDED from src\main\AndroidManifest.xml:80:13-50
	android:name
		ADDED from src\main\AndroidManifest.xml:79:19-53
activity#com.wsg.xsytrade.ui.NewBuyActivity
ADDED from src\main\AndroidManifest.xml:81:9-82:61
	android:label
		ADDED from src\main\AndroidManifest.xml:82:13-49
	android:name
		ADDED from src\main\AndroidManifest.xml:81:19-52
activity#com.wsg.xsytrade.ui.MySellActivity
ADDED from src\main\AndroidManifest.xml:83:9-84:61
	android:label
		ADDED from src\main\AndroidManifest.xml:84:13-49
	android:name
		ADDED from src\main\AndroidManifest.xml:83:19-52
activity#com.wsg.xsytrade.ui.MyBuyActivity
ADDED from src\main\AndroidManifest.xml:85:9-86:60
	android:label
		ADDED from src\main\AndroidManifest.xml:86:13-48
	android:name
		ADDED from src\main\AndroidManifest.xml:85:19-51
activity#com.wsg.xsytrade.ui.ChatActivity
ADDED from src\main\AndroidManifest.xml:88:9-62
	android:name
		ADDED from src\main\AndroidManifest.xml:88:19-50
activity#com.wsg.xsytrade.ui.ModifyMySellActivity
ADDED from src\main\AndroidManifest.xml:90:9-91:66
	android:label
		ADDED from src\main\AndroidManifest.xml:91:13-54
	android:name
		ADDED from src\main\AndroidManifest.xml:90:19-58
activity#com.wsg.xsytrade.ui.ModifyMyBuyActivity
ADDED from src\main\AndroidManifest.xml:92:9-93:65
	android:label
		ADDED from src\main\AndroidManifest.xml:93:13-53
	android:name
		ADDED from src\main\AndroidManifest.xml:92:19-57
activity#com.wsg.xsytrade.ui.SearchSellActivity
ADDED from src\main\AndroidManifest.xml:95:9-96:59
	android:label
		ADDED from src\main\AndroidManifest.xml:96:13-47
	android:name
		ADDED from src\main\AndroidManifest.xml:95:19-56
activity#com.wsg.xsytrade.ui.SearchBuyActivity
ADDED from src\main\AndroidManifest.xml:98:9-99:58
	android:label
		ADDED from src\main\AndroidManifest.xml:99:13-46
	android:name
		ADDED from src\main\AndroidManifest.xml:98:19-55
activity#com.hyphenate.easeui.ui.EaseBaiduMapActivity
ADDED from src\main\AndroidManifest.xml:107:9-80
	android:name
		ADDED from src\main\AndroidManifest.xml:107:19-78
activity#cn.bmob.v3.update.UpdateDialogActivity
ADDED from src\main\AndroidManifest.xml:113:9-116:20
	android:theme
		ADDED from src\main\AndroidManifest.xml:115:13-72
	android:name
		ADDED from src\main\AndroidManifest.xml:114:13-66
meta-data#EASEMOB_APPKEY
ADDED from src\main\AndroidManifest.xml:126:9-95
	android:value
		ADDED from src\main\AndroidManifest.xml:126:51-92
	android:name
		ADDED from src\main\AndroidManifest.xml:126:20-49
service#com.hyphenate.chat.EMChatService
ADDED from src\main\AndroidManifest.xml:128:9-91
	android:exported
		ADDED from src\main\AndroidManifest.xml:128:66-89
	android:name
		ADDED from src\main\AndroidManifest.xml:128:18-65
service#com.hyphenate.chat.EMJobService
ADDED from src\main\AndroidManifest.xml:129:9-132:15
	android:exported
		ADDED from src\main\AndroidManifest.xml:131:13-36
	android:permission
		ADDED from src\main\AndroidManifest.xml:130:13-69
	android:name
		ADDED from src\main\AndroidManifest.xml:129:18-64
receiver#com.hyphenate.chat.EMMonitorReceiver
ADDED from src\main\AndroidManifest.xml:134:9-144:20
	android:name
		ADDED from src\main\AndroidManifest.xml:134:19-70
intent-filter#android.intent.action.PACKAGE_REMOVED
ADDED from src\main\AndroidManifest.xml:135:13-138:29
action#android.intent.action.PACKAGE_REMOVED
ADDED from src\main\AndroidManifest.xml:136:17-79
	android:name
		ADDED from src\main\AndroidManifest.xml:136:25-77
data
ADDED from src\main\AndroidManifest.xml:137:17-49
	android:scheme
		ADDED from src\main\AndroidManifest.xml:137:23-47
intent-filter#android.intent.action.BOOT_COMPLETED+android.intent.action.USER_PRESENT
ADDED from src\main\AndroidManifest.xml:140:13-143:29
action#android.intent.action.BOOT_COMPLETED
ADDED from src\main\AndroidManifest.xml:141:17-78
	android:name
		ADDED from src\main\AndroidManifest.xml:141:25-76
action#android.intent.action.USER_PRESENT
ADDED from src\main\AndroidManifest.xml:142:17-77
	android:name
		ADDED from src\main\AndroidManifest.xml:142:25-74
activity#com.hyphenate.easeui.ui.EaseShowBigImageActivity
ADDED from src\main\AndroidManifest.xml:147:9-149:52
	android:screenOrientation
		ADDED from src\main\AndroidManifest.xml:149:13-49
	android:name
		ADDED from src\main\AndroidManifest.xml:148:13-76
activity#com.hyphenate.easeui.ui.EaseShowNormalFileActivity
ADDED from src\main\AndroidManifest.xml:151:9-153:52
	android:screenOrientation
		ADDED from src\main\AndroidManifest.xml:153:13-49
	android:name
		ADDED from src\main\AndroidManifest.xml:152:13-78
activity#com.hyphenate.easeui.ui.EaseShowVideoActivity
ADDED from src\main\AndroidManifest.xml:155:9-158:63
	android:screenOrientation
		ADDED from src\main\AndroidManifest.xml:157:13-49
	android:windowSoftInputMode
		ADDED from src\main\AndroidManifest.xml:158:13-60
	android:name
		ADDED from src\main\AndroidManifest.xml:156:13-73
provider#android.support.v4.content.FileProvider
ADDED from src\main\AndroidManifest.xml:169:9-177:20
	android:authorities
		ADDED from src\main\AndroidManifest.xml:171:13-60
		INJECTED from src\main\AndroidManifest.xml
	android:grantUriPermissions
		ADDED from src\main\AndroidManifest.xml:173:13-47
	android:exported
		ADDED from src\main\AndroidManifest.xml:172:13-37
	android:name
		ADDED from src\main\AndroidManifest.xml:170:13-67
meta-data#android.support.FILE_PROVIDER_PATHS
ADDED from src\main\AndroidManifest.xml:174:13-176:54
	android:resource
		ADDED from src\main\AndroidManifest.xml:176:17-51
	android:name
		ADDED from src\main\AndroidManifest.xml:175:17-67
service#com.baidu.location.f
ADDED from src\main\AndroidManifest.xml:183:9-184:19
	android:enabled
		ADDED from src\main\AndroidManifest.xml:183:54-76
	android:process
		ADDED from src\main\AndroidManifest.xml:183:77-102
	android:name
		ADDED from src\main\AndroidManifest.xml:183:18-53
meta-data#com.baidu.lbsapi.API_KEY
ADDED from src\main\AndroidManifest.xml:186:9-188:64
	android:value
		ADDED from src\main\AndroidManifest.xml:188:13-61
	android:name
		ADDED from src\main\AndroidManifest.xml:187:13-52
activity#com.tencent.tauth.AuthActivity
ADDED from src\main\AndroidManifest.xml:195:9-207:20
	android:launchMode
		ADDED from src\main\AndroidManifest.xml:197:13-44
	android:noHistory
		ADDED from src\main\AndroidManifest.xml:198:13-37
	android:name
		ADDED from src\main\AndroidManifest.xml:196:13-58
intent-filter#android.intent.action.VIEW+android.intent.category.BROWSABLE+android.intent.category.DEFAULT
ADDED from src\main\AndroidManifest.xml:199:13-206:29
action#android.intent.action.VIEW
ADDED from src\main\AndroidManifest.xml:200:17-69
	android:name
		ADDED from src\main\AndroidManifest.xml:200:25-66
category#android.intent.category.DEFAULT
ADDED from src\main\AndroidManifest.xml:202:17-76
	android:name
		ADDED from src\main\AndroidManifest.xml:202:27-73
category#android.intent.category.BROWSABLE
ADDED from src\main\AndroidManifest.xml:203:17-78
	android:name
		ADDED from src\main\AndroidManifest.xml:203:27-75
activity#com.tencent.connect.common.AssistActivity
ADDED from src\main\AndroidManifest.xml:208:9-211:75
	android:configChanges
		ADDED from src\main\AndroidManifest.xml:210:13-74
	android:theme
		ADDED from src\main\AndroidManifest.xml:211:13-72
	android:name
		ADDED from src\main\AndroidManifest.xml:209:13-69
uses-sdk
INJECTED from src\main\AndroidManifest.xml reason: use-sdk injection requested
MERGED from [com.android.support:design:26.0.0-alpha1] AndroidManifest.xml:21:5-23:62
MERGED from [com.android.support:transition:26.0.0-alpha1] AndroidManifest.xml:20:5-44
MERGED from [com.android.support.constraint:constraint-layout:1.0.2] AndroidManifest.xml:5:5-7:41
MERGED from [com.tencent.bugly:crashreport:2.6.6.1] AndroidManifest.xml:5:5-7:41
MERGED from [com.jakewharton:butterknife:8.5.1] AndroidManifest.xml:5:5-43
MERGED from [de.hdodenhof:circleimageview:2.1.0] AndroidManifest.xml:5:5-7:41
MERGED from [com.kymjs.rxvolley:rxvolley:1.1.4] AndroidManifest.xml:7:5-9:41
MERGED from [cn.bmob.android:bmob-sdk:3.5.5] AndroidManifest.xml:7:5-9:41
MERGED from [com.github.LuckSiege.PictureSelector:picture_library:v2.1.1] AndroidManifest.xml:7:5-9:41
MERGED from [com.github.LuckSiege.PictureSelector:ucrop:v2.1.1] AndroidManifest.xml:8:5-10:41
MERGED from [com.android.support:recyclerview-v7:26.0.0-alpha1] AndroidManifest.xml:20:5-44
MERGED from [com.github.chrisbanes.photoview:library:1.2.4] AndroidManifest.xml:7:5-9:41
MERGED from [io.reactivex.rxjava2:rxandroid:2.0.1] AndroidManifest.xml:19:5-43
MERGED from [com.android.support:multidex:1.0.1] AndroidManifest.xml:18:5-42
MERGED from [Trade:easeui:unspecified] AndroidManifest.xml:5:5-7:41
MERGED from [com.android.support:appcompat-v7:26.0.0-alpha1] AndroidManifest.xml:21:5-23:78
MERGED from [com.android.support:support-v4:26.0.0-alpha1] AndroidManifest.xml:21:5-23:54
MERGED from [com.android.support:support-media-compat:26.0.0-alpha1] AndroidManifest.xml:21:5-23:63
MERGED from [com.android.support:support-fragment:26.0.0-alpha1] AndroidManifest.xml:21:5-23:60
MERGED from [com.android.support:support-core-ui:26.0.0-alpha1] AndroidManifest.xml:21:5-23:58
MERGED from [com.android.support:support-core-utils:26.0.0-alpha1] AndroidManifest.xml:21:5-23:61
MERGED from [com.android.support:animated-vector-drawable:26.0.0-alpha1] AndroidManifest.xml:20:5-44
MERGED from [com.android.support:support-vector-drawable:26.0.0-alpha1] AndroidManifest.xml:20:5-44
MERGED from [com.android.support:support-compat:26.0.0-alpha1] AndroidManifest.xml:21:5-23:58
	tools:overrideLibrary
		ADDED from [com.android.support:design:26.0.0-alpha1] AndroidManifest.xml:23:9-59
	android:targetSdkVersion
		INJECTED from src\main\AndroidManifest.xml
		INJECTED from src\main\AndroidManifest.xml
	android:minSdkVersion
		INJECTED from src\main\AndroidManifest.xml
		INJECTED from src\main\AndroidManifest.xml
meta-data#android.support.VERSION
ADDED from [com.android.support:design:26.0.0-alpha1] AndroidManifest.xml:25:5-27:41
MERGED from [com.android.support:transition:26.0.0-alpha1] AndroidManifest.xml:22:5-24:41
MERGED from [com.android.support:recyclerview-v7:26.0.0-alpha1] AndroidManifest.xml:22:5-24:41
MERGED from [com.android.support:appcompat-v7:26.0.0-alpha1] AndroidManifest.xml:25:5-27:41
MERGED from [com.android.support:support-v4:26.0.0-alpha1] AndroidManifest.xml:25:5-27:41
MERGED from [com.android.support:support-media-compat:26.0.0-alpha1] AndroidManifest.xml:25:5-27:41
MERGED from [com.android.support:support-fragment:26.0.0-alpha1] AndroidManifest.xml:25:5-27:41
MERGED from [com.android.support:support-core-ui:26.0.0-alpha1] AndroidManifest.xml:25:5-27:41
MERGED from [com.android.support:support-core-utils:26.0.0-alpha1] AndroidManifest.xml:25:5-27:41
MERGED from [com.android.support:animated-vector-drawable:26.0.0-alpha1] AndroidManifest.xml:22:5-24:41
MERGED from [com.android.support:support-vector-drawable:26.0.0-alpha1] AndroidManifest.xml:22:5-24:41
MERGED from [com.android.support:support-compat:26.0.0-alpha1] AndroidManifest.xml:25:5-27:41
	android:value
		ADDED from [com.android.support:design:26.0.0-alpha1] AndroidManifest.xml:27:9-38
	android:name
		ADDED from [com.android.support:design:26.0.0-alpha1] AndroidManifest.xml:26:9-47
uses-permission#android.permission.WRITE_SETTINGS
ADDED from [com.github.LuckSiege.PictureSelector:picture_library:v2.1.1] AndroidManifest.xml:16:5-73
	android:name
		ADDED from [com.github.LuckSiege.PictureSelector:picture_library:v2.1.1] AndroidManifest.xml:16:22-70
uses-permission#android.permission.WRITE_MEDIA_STORAGE
ADDED from [com.github.LuckSiege.PictureSelector:picture_library:v2.1.1] AndroidManifest.xml:18:5-78
	android:name
		ADDED from [com.github.LuckSiege.PictureSelector:picture_library:v2.1.1] AndroidManifest.xml:18:22-75
activity#com.luck.picture.lib.PictureSelectorActivity
ADDED from [com.github.LuckSiege.PictureSelector:picture_library:v2.1.1] AndroidManifest.xml:25:9-29:55
	android:screenOrientation
		ADDED from [com.github.LuckSiege.PictureSelector:picture_library:v2.1.1] AndroidManifest.xml:27:13-49
	android:windowSoftInputMode
		ADDED from [com.github.LuckSiege.PictureSelector:picture_library:v2.1.1] AndroidManifest.xml:29:13-52
	android:theme
		ADDED from [com.github.LuckSiege.PictureSelector:picture_library:v2.1.1] AndroidManifest.xml:28:13-50
	android:name
		ADDED from [com.github.LuckSiege.PictureSelector:picture_library:v2.1.1] AndroidManifest.xml:26:13-72
activity#com.luck.picture.lib.PictureBaseActivity
ADDED from [com.github.LuckSiege.PictureSelector:picture_library:v2.1.1] AndroidManifest.xml:30:9-32:52
	android:screenOrientation
		ADDED from [com.github.LuckSiege.PictureSelector:picture_library:v2.1.1] AndroidManifest.xml:32:13-49
	android:name
		ADDED from [com.github.LuckSiege.PictureSelector:picture_library:v2.1.1] AndroidManifest.xml:31:13-68
activity#com.luck.picture.lib.PicturePreviewActivity
ADDED from [com.github.LuckSiege.PictureSelector:picture_library:v2.1.1] AndroidManifest.xml:33:9-35:52
	android:screenOrientation
		ADDED from [com.github.LuckSiege.PictureSelector:picture_library:v2.1.1] AndroidManifest.xml:35:13-49
	android:name
		ADDED from [com.github.LuckSiege.PictureSelector:picture_library:v2.1.1] AndroidManifest.xml:34:13-71
activity#com.luck.picture.lib.PictureVideoPlayActivity
ADDED from [com.github.LuckSiege.PictureSelector:picture_library:v2.1.1] AndroidManifest.xml:36:9-39:50
	android:screenOrientation
		ADDED from [com.github.LuckSiege.PictureSelector:picture_library:v2.1.1] AndroidManifest.xml:39:13-47
	android:configChanges
		ADDED from [com.github.LuckSiege.PictureSelector:picture_library:v2.1.1] AndroidManifest.xml:38:13-74
	android:name
		ADDED from [com.github.LuckSiege.PictureSelector:picture_library:v2.1.1] AndroidManifest.xml:37:13-73
activity#com.luck.picture.lib.PictureExternalPreviewActivity
ADDED from [com.github.LuckSiege.PictureSelector:picture_library:v2.1.1] AndroidManifest.xml:40:9-42:52
	android:screenOrientation
		ADDED from [com.github.LuckSiege.PictureSelector:picture_library:v2.1.1] AndroidManifest.xml:42:13-49
	android:name
		ADDED from [com.github.LuckSiege.PictureSelector:picture_library:v2.1.1] AndroidManifest.xml:41:13-79
activity#com.yalantis.ucrop.UCropActivity
ADDED from [com.github.LuckSiege.PictureSelector:picture_library:v2.1.1] AndroidManifest.xml:43:9-46:72
	android:screenOrientation
		ADDED from [com.github.LuckSiege.PictureSelector:picture_library:v2.1.1] AndroidManifest.xml:45:13-49
	android:theme
		ADDED from [com.github.LuckSiege.PictureSelector:picture_library:v2.1.1] AndroidManifest.xml:46:13-69
	android:name
		ADDED from [com.github.LuckSiege.PictureSelector:picture_library:v2.1.1] AndroidManifest.xml:44:13-60
activity#com.yalantis.ucrop.PictureMultiCuttingActivity
ADDED from [com.github.LuckSiege.PictureSelector:picture_library:v2.1.1] AndroidManifest.xml:47:9-50:72
	android:screenOrientation
		ADDED from [com.github.LuckSiege.PictureSelector:picture_library:v2.1.1] AndroidManifest.xml:49:13-49
	android:theme
		ADDED from [com.github.LuckSiege.PictureSelector:picture_library:v2.1.1] AndroidManifest.xml:50:13-69
	android:name
		ADDED from [com.github.LuckSiege.PictureSelector:picture_library:v2.1.1] AndroidManifest.xml:48:13-74
activity#com.luck.picture.lib.PicturePlayAudioActivity
ADDED from [com.github.LuckSiege.PictureSelector:picture_library:v2.1.1] AndroidManifest.xml:51:9-54:72
	android:screenOrientation
		ADDED from [com.github.LuckSiege.PictureSelector:picture_library:v2.1.1] AndroidManifest.xml:53:13-49
	android:theme
		ADDED from [com.github.LuckSiege.PictureSelector:picture_library:v2.1.1] AndroidManifest.xml:54:13-69
	android:name
		ADDED from [com.github.LuckSiege.PictureSelector:picture_library:v2.1.1] AndroidManifest.xml:52:13-73